ProviderId : b90ccbcd-3011-5881-c418-c8ac10fac7da
EventId : 3
Keywords : None
Level : Error
Message : CheckForUpdate(), uwpDir = C:\Program Files\WindowsApps\AD2F1837.OMENCommandCenter_1101.2212.6.0_x64__v10z8vjag6ke6:::::ex: C:\Program Files\WindowsApps\AD2F1837.OMENCommandCenter_1101.2212.6.0_x64__v10z8vjag6ke6\win32\SystemOptimizer.exe
Opcode : Info
Task : 65531
Version : 0
Payload : [message : CheckForUpdate(), uwpDir = C:\Program Files\WindowsApps\AD2F1837.OMENCommandCenter_1101.2212.6.0_x64__v10z8vjag6ke6:::::ex: C:\Program Files\WindowsApps\AD2F1837.OMENCommandCenter_1101.2212.6.0_x64__v10z8vjag6ke6\win32\SystemOptimizer.exe] 
EventName : ErrorInfo
Timestamp : 2023-01-24T12:06:27.7253402Z
ProcessId : 7184
ThreadId : 12344

ProviderId : b90ccbcd-3011-5881-c418-c8ac10fac7da
EventId : 3
Keywords : None
Level : Error
Message : CheckForUpdate(), uwpDir = C:\Program Files\WindowsApps\AD2F1837.OMENCommandCenter_1101.2212.6.0_x64__v10z8vjag6ke6:::::ex: C:\Program Files\WindowsApps\AD2F1837.OMENCommandCenter_1101.2212.6.0_x64__v10z8vjag6ke6\win32\SystemOptimizer.exe
Opcode : Info
Task : 65531
Version : 0
Payload : [message : CheckForUpdate(), uwpDir = C:\Program Files\WindowsApps\AD2F1837.OMENCommandCenter_1101.2212.6.0_x64__v10z8vjag6ke6:::::ex: C:\Program Files\WindowsApps\AD2F1837.OMENCommandCenter_1101.2212.6.0_x64__v10z8vjag6ke6\win32\SystemOptimizer.exe] 
EventName : ErrorInfo
Timestamp : 2023-01-24T12:06:38.8327982Z
ProcessId : 7184
ThreadId : 10760

ProviderId : b90ccbcd-3011-5881-c418-c8ac10fac7da
EventId : 3
Keywords : None
Level : Error
Message : CheckForUpdate(), uwpDir = C:\Program Files\WindowsApps\AD2F1837.OMENCommandCenter_1101.2212.6.0_x64__v10z8vjag6ke6:::::ex: C:\Program Files\WindowsApps\AD2F1837.OMENCommandCenter_1101.2212.6.0_x64__v10z8vjag6ke6\win32\SystemOptimizer.exe
Opcode : Info
Task : 65531
Version : 0
Payload : [message : CheckForUpdate(), uwpDir = C:\Program Files\WindowsApps\AD2F1837.OMENCommandCenter_1101.2212.6.0_x64__v10z8vjag6ke6:::::ex: C:\Program Files\WindowsApps\AD2F1837.OMENCommandCenter_1101.2212.6.0_x64__v10z8vjag6ke6\win32\SystemOptimizer.exe] 
EventName : ErrorInfo
Timestamp : 2023-01-24T12:06:53.4740531Z
ProcessId : 7184
ThreadId : 10760

ProviderId : b90ccbcd-3011-5881-c418-c8ac10fac7da
EventId : 3
Keywords : None
Level : Error
Message : CheckForUpdate(), uwpDir = C:\Program Files\WindowsApps\AD2F1837.OMENCommandCenter_1101.2212.6.0_x64__v10z8vjag6ke6:::::ex: C:\Program Files\WindowsApps\AD2F1837.OMENCommandCenter_1101.2212.6.0_x64__v10z8vjag6ke6\win32\SystemOptimizer.exe
Opcode : Info
Task : 65531
Version : 0
Payload : [message : CheckForUpdate(), uwpDir = C:\Program Files\WindowsApps\AD2F1837.OMENCommandCenter_1101.2212.6.0_x64__v10z8vjag6ke6:::::ex: C:\Program Files\WindowsApps\AD2F1837.OMENCommandCenter_1101.2212.6.0_x64__v10z8vjag6ke6\win32\SystemOptimizer.exe] 
EventName : ErrorInfo
Timestamp : 2023-01-24T12:07:04.4457609Z
ProcessId : 7184
ThreadId : 12344

ProviderId : b90ccbcd-3011-5881-c418-c8ac10fac7da
EventId : 3
Keywords : None
Level : Error
Message : CheckForUpdate(), uwpDir = C:\Program Files\WindowsApps\AD2F1837.OMENCommandCenter_1101.2212.6.0_x64__v10z8vjag6ke6:::::ex: C:\Program Files\WindowsApps\AD2F1837.OMENCommandCenter_1101.2212.6.0_x64__v10z8vjag6ke6\win32\SystemOptimizer.exe
Opcode : Info
Task : 65531
Version : 0
Payload : [message : CheckForUpdate(), uwpDir = C:\Program Files\WindowsApps\AD2F1837.OMENCommandCenter_1101.2212.6.0_x64__v10z8vjag6ke6:::::ex: C:\Program Files\WindowsApps\AD2F1837.OMENCommandCenter_1101.2212.6.0_x64__v10z8vjag6ke6\win32\SystemOptimizer.exe] 
EventName : ErrorInfo
Timestamp : 2023-01-24T12:07:15.3283238Z
ProcessId : 7184
ThreadId : 12344

ProviderId : b90ccbcd-3011-5881-c418-c8ac10fac7da
EventId : 3
Keywords : None
Level : Error
Message : CheckForUpdate(), uwpDir = C:\Program Files\WindowsApps\AD2F1837.OMENCommandCenter_1101.2212.6.0_x64__v10z8vjag6ke6:::::ex: C:\Program Files\WindowsApps\AD2F1837.OMENCommandCenter_1101.2212.6.0_x64__v10z8vjag6ke6\win32\SystemOptimizer.exe
Opcode : Info
Task : 65531
Version : 0
Payload : [message : CheckForUpdate(), uwpDir = C:\Program Files\WindowsApps\AD2F1837.OMENCommandCenter_1101.2212.6.0_x64__v10z8vjag6ke6:::::ex: C:\Program Files\WindowsApps\AD2F1837.OMENCommandCenter_1101.2212.6.0_x64__v10z8vjag6ke6\win32\SystemOptimizer.exe] 
EventName : ErrorInfo
Timestamp : 2023-01-24T12:07:27.4662669Z
ProcessId : 7184
ThreadId : 12344

ProviderId : b90ccbcd-3011-5881-c418-c8ac10fac7da
EventId : 3
Keywords : None
Level : Error
Message : CheckForUpdate(), uwpDir = C:\Program Files\WindowsApps\AD2F1837.OMENCommandCenter_1101.2212.6.0_x64__v10z8vjag6ke6:::::ex: C:\Program Files\WindowsApps\AD2F1837.OMENCommandCenter_1101.2212.6.0_x64__v10z8vjag6ke6\win32\SystemOptimizer.exe
Opcode : Info
Task : 65531
Version : 0
Payload : [message : CheckForUpdate(), uwpDir = C:\Program Files\WindowsApps\AD2F1837.OMENCommandCenter_1101.2212.6.0_x64__v10z8vjag6ke6:::::ex: C:\Program Files\WindowsApps\AD2F1837.OMENCommandCenter_1101.2212.6.0_x64__v10z8vjag6ke6\win32\SystemOptimizer.exe] 
EventName : ErrorInfo
Timestamp : 2023-01-24T12:07:38.1042878Z
ProcessId : 7184
ThreadId : 10760

ProviderId : b90ccbcd-3011-5881-c418-c8ac10fac7da
EventId : 3
Keywords : None
Level : Error
Message : CheckForUpdate(), uwpDir = C:\Program Files\WindowsApps\AD2F1837.OMENCommandCenter_1101.2212.6.0_x64__v10z8vjag6ke6:::::ex: C:\Program Files\WindowsApps\AD2F1837.OMENCommandCenter_1101.2212.6.0_x64__v10z8vjag6ke6\win32\SystemOptimizer.exe
Opcode : Info
Task : 65531
Version : 0
Payload : [message : CheckForUpdate(), uwpDir = C:\Program Files\WindowsApps\AD2F1837.OMENCommandCenter_1101.2212.6.0_x64__v10z8vjag6ke6:::::ex: C:\Program Files\WindowsApps\AD2F1837.OMENCommandCenter_1101.2212.6.0_x64__v10z8vjag6ke6\win32\SystemOptimizer.exe] 
EventName : ErrorInfo
Timestamp : 2023-01-24T12:07:48.4740355Z
ProcessId : 7184
ThreadId : 10760

ProviderId : b90ccbcd-3011-5881-c418-c8ac10fac7da
EventId : 3
Keywords : None
Level : Error
Message : CheckForUpdate(), uwpDir = C:\Program Files\WindowsApps\AD2F1837.OMENCommandCenter_1101.2212.6.0_x64__v10z8vjag6ke6:::::ex: C:\Program Files\WindowsApps\AD2F1837.OMENCommandCenter_1101.2212.6.0_x64__v10z8vjag6ke6\win32\SystemOptimizer.exe
Opcode : Info
Task : 65531
Version : 0
Payload : [message : CheckForUpdate(), uwpDir = C:\Program Files\WindowsApps\AD2F1837.OMENCommandCenter_1101.2212.6.0_x64__v10z8vjag6ke6:::::ex: C:\Program Files\WindowsApps\AD2F1837.OMENCommandCenter_1101.2212.6.0_x64__v10z8vjag6ke6\win32\SystemOptimizer.exe] 
EventName : ErrorInfo
Timestamp : 2023-01-24T12:07:58.8594240Z
ProcessId : 7184
ThreadId : 12344

ProviderId : b90ccbcd-3011-5881-c418-c8ac10fac7da
EventId : 3
Keywords : None
Level : Error
Message : CheckForUpdate(), uwpDir = C:\Program Files\WindowsApps\AD2F1837.OMENCommandCenter_1101.2212.6.0_x64__v10z8vjag6ke6:::::ex: C:\Program Files\WindowsApps\AD2F1837.OMENCommandCenter_1101.2212.6.0_x64__v10z8vjag6ke6\win32\SystemOptimizer.exe
Opcode : Info
Task : 65531
Version : 0
Payload : [message : CheckForUpdate(), uwpDir = C:\Program Files\WindowsApps\AD2F1837.OMENCommandCenter_1101.2212.6.0_x64__v10z8vjag6ke6:::::ex: C:\Program Files\WindowsApps\AD2F1837.OMENCommandCenter_1101.2212.6.0_x64__v10z8vjag6ke6\win32\SystemOptimizer.exe] 
EventName : ErrorInfo
Timestamp : 2023-01-24T12:08:10.0203950Z
ProcessId : 7184
ThreadId : 10760

