{"logTime": "1218/092434", "correlationVector":"1AA8F9BFE74F46A4B1968C5D7F772515","action":"FETCH_UX_CONFIG", "result":""}
{"logTime": "1218/102923", "correlationVector":"B88DA7B8C3E244FC90B6A248DD5C123C","action":"FETCH_UX_CONFIG", "result":""}
{"logTime": "1218/113356", "correlationVector":"424BF23C281B45EBA9AE3DCC0CF40F12","action":"FETCH_UX_CONFIG", "result":""}
{"logTime": "1218/123355", "correlationVector":"FDB9A2374350433A924C93CDE9D0CBAA","action":"FETCH_UX_CONFIG", "result":""}
{"logTime": "1219/060626", "correlationVector":"F809BA5A30C142EA86D1CC3136B60235","action":"FETCH_UX_CONFIG", "result":""}
{"logTime": "1219/070623", "correlationVector":"A3660284A8204C259FD83D11D05F3954","action":"FETCH_UX_CONFIG", "result":""}
{"logTime": "1219/080625", "correlationVector":"1463339F6F724AA28E48636B07CD3238","action":"FETCH_UX_CONFIG", "result":""}
{"logTime": "1219/122605", "correlationVector":"933C33AFDF654ED9BF31012BC9715FFA","action":"FETCH_UX_CONFIG", "result":""}
{"logTime": "1219/132604", "correlationVector":"48C9357D18BD417CB257F6ED2D2B66B8","action":"FETCH_UX_CONFIG", "result":""}
{"logTime": "1219/142604", "correlationVector":"88CB9FE6564B40CFB9907E215960358A","action":"FETCH_UX_CONFIG", "result":""}
{"logTime": "1219/152604", "correlationVector":"363638A289E644A1944E46B4EB221A59","action":"FETCH_UX_CONFIG", "result":""}
{"logTime": "1220/032518", "correlationVector":"463308E9BEEE4EA895A5354F991C9180","action":"FETCH_UX_CONFIG", "result":""}
{"logTime": "1220/042521", "correlationVector":"B35293AB52C64C67A71F70232E1B4C45","action":"FETCH_UX_CONFIG", "result":""}
{"logTime": "1220/053654", "correlationVector":"1F00872BCCA74FF5B9C34B1E5B1A6496","action":"FETCH_UX_CONFIG", "result":""}
{"logTime": "1220/063653", "correlationVector":"2806240C6CEC4589976E2AFCD4932540","action":"FETCH_UX_CONFIG", "result":""}
{"logTime": "1220/073653", "correlationVector":"EF356398AD8F4331BFF7D55FFCB13C0E","action":"FETCH_UX_CONFIG", "result":""}
{"logTime": "1220/120433", "correlationVector":"B1535268A4AD4180B80DF3ECE1FBCB24","action":"FETCH_UX_CONFIG", "result":""}
{"logTime": "1220/130431", "correlationVector":"963EA7D3E5FF43E99E60CAC9320C0D7F","action":"FETCH_UX_CONFIG", "result":""}
{"logTime": "1220/140431", "correlationVector":"3AF67F6C5E124B1592525AA1D5171614","action":"FETCH_UX_CONFIG", "result":""}
{"logTime": "1220/150436", "correlationVector":"C8BF07A61270425E8C794ACC93DBED30","action":"FETCH_UX_CONFIG", "result":""}
{"logTime": "1220/160432", "correlationVector":"82539B99A4FC4C4491C4A441FF514F27","action":"FETCH_UX_CONFIG", "result":""}
{"logTime": "1220/170431", "correlationVector":"F17CBAADDDBB4928B85FB2FDD981D3A0","action":"FETCH_UX_CONFIG", "result":""}
{"logTime": "1221/071435", "correlationVector":"8650A59B7FB84032AB11D97545B65662","action":"FETCH_UX_CONFIG", "result":""}
{"logTime": "1221/081433", "correlationVector":"517FC12D8239416F91518A84F5D72DE8","action":"FETCH_UX_CONFIG", "result":""}
{"logTime": "1221/091046", "correlationVector":"A87FEE819D0047E99DCD05CCD597AFA8","action":"FETCH_UX_CONFIG", "result":""}
{"logTime": "1221/124823", "correlationVector":"AD3A11A7ED8840CDBFB305E55902A0C4","action":"FETCH_UX_CONFIG", "result":""}
{"logTime": "1221/140422", "correlationVector":"7BA290069B074F8CAD6A6F3F8CA6BD7D","action":"FETCH_UX_CONFIG", "result":""}
{"logTime": "1222/032828", "correlationVector":"373B80D3361D47858F05985FB1883F3C","action":"FETCH_UX_CONFIG", "result":""}
{"logTime": "1222/042829", "correlationVector":"A18D5396E59D4AF98552D72301BD8C9B","action":"FETCH_UX_CONFIG", "result":""}
{"logTime": "1222/064202", "correlationVector":"1902641E604F4BA1969E7C597BDD2F75","action":"FETCH_UX_CONFIG", "result":""}
{"logTime": "1222/074202", "correlationVector":"8213609F3CAA4D5F9EC345964CC4786E","action":"FETCH_UX_CONFIG", "result":""}
{"logTime": "1222/084201", "correlationVector":"A5AFB50D07104C29B34179E3EDDC9782","action":"FETCH_UX_CONFIG", "result":""}
{"logTime": "1222/094201", "correlationVector":"1B86B3808301422AA5013460F2D6D628","action":"FETCH_UX_CONFIG", "result":""}
{"logTime": "1222/122221", "correlationVector":"776506D6A0F1460A98B164536BD27BA0","action":"FETCH_UX_CONFIG", "result":""}
{"logTime": "1222/132012", "correlationVector":"DC52F37296354A1A96CD9508BA5C9FDD","action":"FETCH_UX_CONFIG", "result":""}
{"logTime": "1222/154609", "correlationVector":"6902E31B79DC43C4AE10046A65EAFD4B","action":"FETCH_UX_CONFIG", "result":""}
{"logTime": "1222/164608", "correlationVector":"0FB120010F4D4FA0BF8D9BA15AA562BB","action":"FETCH_UX_CONFIG", "result":""}
{"logTime": "1223/051225", "correlationVector":"677CD26D843A43489F9D9AF87C14A08A","action":"FETCH_UX_CONFIG", "result":""}
{"logTime": "1223/053220", "correlationVector":"A938CD59160943AE873B28F4D5262A25","action":"FETCH_UX_CONFIG", "result":""}
{"logTime": "1223/090025", "correlationVector":"9B7B824D1ECB4E03B6D5848188D54CD7","action":"FETCH_UX_CONFIG", "result":""}
{"logTime": "1223/100022", "correlationVector":"61F2E926FF8146E38BD1533FFD38F291","action":"FETCH_UX_CONFIG", "result":""}
