[2022/12/18 14:54:33.253, jusched.exe (PID: 19836, TID: 19840), AllUtils.cpp:177 (logit)]
	INFO: **************** Running jusched ****************

[2022/12/18 14:59:33.349, jusched.exe (PID: 19836, TID: 19840), AllUtils.cpp:177 (logit)]
	INFO: Started UpdateChecker process Successfully:C:\Program Files (x86)\Common Files\Java\Java Update\jucheck.exe

[2022/12/18 14:59:33.350, jusched.exe (PID: 19836, TID: 19840), AllUtils.cpp:177 (logit)]
	INFO: JavaUpdate  [Critical] :  LastFinishTime is after LastScheduledTime, sleeping until next schedule Time: Sat Dec 24 01:01:00 2022

[2022/12/18 14:59:33.350, jusched.exe (PID: 19836, TID: 19840), AllUtils.cpp:177 (logit)]
	INFO: JavaUpdate [Critical] NextSchedTime=Sat Dec 24 01:01:00 2022
JavaUpdate [Critical]lastSchedTime=Sat Dec 17 01:01:00 2022
JavaUpdate [Critical]nextSchedTime=Sat Dec 24 01:01:00 2022
JavaUpdate [Critical]sleeptime (sec=468087, hours=130, days=5.42)
actual sleep time=468087000 msecs (130:01:27) for JavaUpdate [Critical]

[2022/12/18 14:59:33.372, jucheck.exe (PID: 9788, TID: 10324), UpdateConf.cpp:1542 (UpdateSSV)]
	INFO: UpdateSSV() - Begin Update
[2022/12/18 14:59:33.374, jucheck.exe (PID: 9788, TID: 10324), Executor.cpp:147 (Executor::startExecution)]
	INFO: Executor.exec(): "C:\Program Files\Java\jre1.8.0_51\bin\javaws.exe" -SSVBaselineUpdate
[2022/12/18 14:59:33.466, jucheck.exe (PID: 9788, TID: 10324), Executor.cpp:181 (Executor::finishExecution)]
	INFO: Executor.finishExecution(): WaitForSingleObject exited with code 0
[2022/12/18 14:59:33.466, jucheck.exe (PID: 9788, TID: 10324), Executor.cpp:195 (Executor::finishExecution)]
	INFO: Executor.finishExecution(): ExitCode = 0
[2022/12/18 14:59:33.466, jucheck.exe (PID: 9788, TID: 10324), UpdateConf.cpp:1579 (UpdateSSV)]
	INFO: UpdateSSV() - Update Successful
[2022/12/18 14:59:33.467, jucheck.exe (PID: 9788, TID: 10324), AllUtils.cpp:177 (logit)]
	INFO: SetJavaUpdateStringKey was called with a NULL value for the key, so defaulting to trying jucheck key
[2022/12/18 14:59:33.474, jucheck.exe (PID: 9788, TID: 10324), UpdateCommon.cpp:713 (GetVersionXmlFileURL)]
	INFO: Versions to check: 
  - 1.8.0_51-b16

[2022/12/18 14:59:33.891, jucheck.exe (PID: 9788, TID: 10324), Locales.cpp:317 (Locale::preferredLanguages)]
	INFO: PreferredUILanguages: Vista+
[2022/12/18 14:59:33.892, jucheck.exe (PID: 9788, TID: 10324), AllUtils.cpp:177 (logit)]
	INFO: No cntry-lookup tag in map.xml
[2022/12/18 14:59:33.893, jucheck.exe (PID: 9788, TID: 10324), AllUtils.cpp:177 (logit)]
	INFO: OVERRIDE SYSTEM VALUE==0:OS:10.0,Arch:amd64,Version:1.8.0_51-b16,Locale:en,Cntry:YY

[2022/12/18 14:59:33.893, jucheck.exe (PID: 9788, TID: 10324), AllUtils.cpp:177 (logit)]
	INFO: https://javadl-esd-secure.oracle.com/update/1.8.0/10e8cce67c7843478f41411b7003171c/au-descriptor-1.8.0_351-b10.xml
[2022/12/18 14:59:33.972, jucheck.exe (PID: 9788, TID: 10324), AllUtils.cpp:177 (logit)]
	INFO: SetJavaUpdateStringKey was called with a NULL value for the key, so defaulting to trying jucheck key
[2022/12/18 14:59:33.973, jucheck.exe (PID: 9788, TID: 10324), AllUtils.cpp:177 (logit)]
	INFO: Saving Update Descriptor XML Data

[2022/12/18 14:59:33.973, jucheck.exe (PID: 9788, TID: 10324), Locales.cpp:317 (Locale::preferredLanguages)]
	INFO: PreferredUILanguages: Vista+
[2022/12/18 14:59:33.974, jucheck.exe (PID: 9788, TID: 10324), AllUtils.cpp:177 (logit)]
	INFO: SetJavaUpdateDwordKey was called with a NULL for key, so trying jucheck location
[2022/12/18 15:59:28.477, jusched.exe (PID: 17536, TID: 21420), AllUtils.cpp:177 (logit)]
	INFO: **************** Running jusched ****************

[2022/12/18 16:04:28.562, jusched.exe (PID: 17536, TID: 21420), AllUtils.cpp:177 (logit)]
	INFO: Started UpdateChecker process Successfully:C:\Program Files (x86)\Common Files\Java\Java Update\jucheck.exe

[2022/12/18 16:04:28.562, jusched.exe (PID: 17536, TID: 21420), AllUtils.cpp:177 (logit)]
	INFO: JavaUpdate  [Critical] :  LastFinishTime is after LastScheduledTime, sleeping until next schedule Time: Sat Dec 24 01:01:00 2022

[2022/12/18 16:04:28.563, jusched.exe (PID: 17536, TID: 21420), AllUtils.cpp:177 (logit)]
	INFO: JavaUpdate [Critical] NextSchedTime=Sat Dec 24 01:01:00 2022
JavaUpdate [Critical]lastSchedTime=Sat Dec 17 01:01:00 2022
JavaUpdate [Critical]nextSchedTime=Sat Dec 24 01:01:00 2022
JavaUpdate [Critical]sleeptime (sec=464192, hours=128, days=5.37)
actual sleep time=464192000 msecs (128:56:32) for JavaUpdate [Critical]

[2022/12/18 16:04:28.582, jucheck.exe (PID: 1108, TID: 21416), UpdateConf.cpp:1542 (UpdateSSV)]
	INFO: UpdateSSV() - Begin Update
[2022/12/18 16:04:28.583, jucheck.exe (PID: 1108, TID: 21416), Executor.cpp:147 (Executor::startExecution)]
	INFO: Executor.exec(): "C:\Program Files\Java\jre1.8.0_51\bin\javaws.exe" -SSVBaselineUpdate
[2022/12/18 16:04:28.663, jucheck.exe (PID: 1108, TID: 21416), Executor.cpp:181 (Executor::finishExecution)]
	INFO: Executor.finishExecution(): WaitForSingleObject exited with code 0
[2022/12/18 16:04:28.664, jucheck.exe (PID: 1108, TID: 21416), Executor.cpp:195 (Executor::finishExecution)]
	INFO: Executor.finishExecution(): ExitCode = 0
[2022/12/18 16:04:28.664, jucheck.exe (PID: 1108, TID: 21416), UpdateConf.cpp:1579 (UpdateSSV)]
	INFO: UpdateSSV() - Update Successful
[2022/12/18 16:04:28.664, jucheck.exe (PID: 1108, TID: 21416), AllUtils.cpp:177 (logit)]
	INFO: SetJavaUpdateStringKey was called with a NULL value for the key, so defaulting to trying jucheck key
[2022/12/18 16:04:28.672, jucheck.exe (PID: 1108, TID: 21416), UpdateCommon.cpp:713 (GetVersionXmlFileURL)]
	INFO: Versions to check: 
  - 1.8.0_51-b16

[2022/12/18 16:04:29.548, jucheck.exe (PID: 1108, TID: 21416), Locales.cpp:317 (Locale::preferredLanguages)]
	INFO: PreferredUILanguages: Vista+
[2022/12/18 16:04:29.549, jucheck.exe (PID: 1108, TID: 21416), AllUtils.cpp:177 (logit)]
	INFO: No cntry-lookup tag in map.xml
[2022/12/18 16:04:29.551, jucheck.exe (PID: 1108, TID: 21416), AllUtils.cpp:177 (logit)]
	INFO: OVERRIDE SYSTEM VALUE==0:OS:10.0,Arch:amd64,Version:1.8.0_51-b16,Locale:en,Cntry:YY

[2022/12/18 16:04:29.551, jucheck.exe (PID: 1108, TID: 21416), AllUtils.cpp:177 (logit)]
	INFO: https://javadl-esd-secure.oracle.com/update/1.8.0/10e8cce67c7843478f41411b7003171c/au-descriptor-1.8.0_351-b10.xml
[2022/12/18 16:04:29.608, jucheck.exe (PID: 1108, TID: 21416), AllUtils.cpp:177 (logit)]
	INFO: SetJavaUpdateStringKey was called with a NULL value for the key, so defaulting to trying jucheck key
[2022/12/18 16:04:29.608, jucheck.exe (PID: 1108, TID: 21416), AllUtils.cpp:177 (logit)]
	INFO: Saving Update Descriptor XML Data

[2022/12/18 16:04:29.608, jucheck.exe (PID: 1108, TID: 21416), Locales.cpp:317 (Locale::preferredLanguages)]
	INFO: PreferredUILanguages: Vista+
[2022/12/18 16:04:29.609, jucheck.exe (PID: 1108, TID: 21416), AllUtils.cpp:177 (logit)]
	INFO: SetJavaUpdateDwordKey was called with a NULL for key, so trying jucheck location
[2022/12/20 17:34:43.455, jusched.exe (PID: 3976, TID: 20036), AllUtils.cpp:177 (logit)]
	INFO: **************** Running jusched ****************

[2022/12/20 17:39:43.648, jusched.exe (PID: 3976, TID: 20036), AllUtils.cpp:177 (logit)]
	INFO: Started UpdateChecker process Successfully:C:\Program Files (x86)\Common Files\Java\Java Update\jucheck.exe

[2022/12/20 17:39:43.650, jusched.exe (PID: 3976, TID: 20036), AllUtils.cpp:177 (logit)]
	INFO: JavaUpdate  [Critical] :  LastFinishTime is after LastScheduledTime, sleeping until next schedule Time: Sat Dec 24 01:01:00 2022

[2022/12/20 17:39:43.650, jusched.exe (PID: 3976, TID: 20036), AllUtils.cpp:177 (logit)]
	INFO: JavaUpdate [Critical] NextSchedTime=Sat Dec 24 01:01:00 2022
JavaUpdate [Critical]lastSchedTime=Sat Dec 17 01:01:00 2022
JavaUpdate [Critical]nextSchedTime=Sat Dec 24 01:01:00 2022
JavaUpdate [Critical]sleeptime (sec=285677, hours=79, days=3.31)
actual sleep time=285677000 msecs (79:21:17) for JavaUpdate [Critical]

[2022/12/20 17:39:43.685, jucheck.exe (PID: 23332, TID: 12656), UpdateConf.cpp:1542 (UpdateSSV)]
	INFO: UpdateSSV() - Begin Update
[2022/12/20 17:39:43.687, jucheck.exe (PID: 23332, TID: 12656), Executor.cpp:147 (Executor::startExecution)]
	INFO: Executor.exec(): "C:\Program Files\Java\jre1.8.0_51\bin\javaws.exe" -SSVBaselineUpdate
[2022/12/20 17:39:43.828, jucheck.exe (PID: 23332, TID: 12656), Executor.cpp:181 (Executor::finishExecution)]
	INFO: Executor.finishExecution(): WaitForSingleObject exited with code 0
[2022/12/20 17:39:43.829, jucheck.exe (PID: 23332, TID: 12656), Executor.cpp:195 (Executor::finishExecution)]
	INFO: Executor.finishExecution(): ExitCode = 0
[2022/12/20 17:39:43.829, jucheck.exe (PID: 23332, TID: 12656), UpdateConf.cpp:1579 (UpdateSSV)]
	INFO: UpdateSSV() - Update Successful
[2022/12/20 17:39:43.830, jucheck.exe (PID: 23332, TID: 12656), AllUtils.cpp:177 (logit)]
	INFO: SetJavaUpdateStringKey was called with a NULL value for the key, so defaulting to trying jucheck key
[2022/12/20 17:39:43.838, jucheck.exe (PID: 23332, TID: 12656), UpdateCommon.cpp:713 (GetVersionXmlFileURL)]
	INFO: Versions to check: 
  - 1.8.0_51-b16

[2022/12/20 17:39:43.913, jucheck.exe (PID: 23332, TID: 12656), UpdateCommon.cpp:244 (GetXmlFile)]
	ERROR: Exception with message 'NetUtils.cpp(162) at HttpConnection::connect(): HttpSendRequest failed: system error 12007 (The server name or address could not be resolved)' caught
[2022/12/20 17:39:43.914, jucheck.exe (PID: 23332, TID: 12656), UpdateManager.cpp:115 (CUpdateManager::CheckXmlFiles)]
	INFO: New Update Descriptor URL Detected
[2022/12/21 14:40:55.374, jusched.exe (PID: 20088, TID: 20092), AllUtils.cpp:177 (logit)]
	INFO: **************** Running jusched ****************

[2022/12/21 14:45:55.378, jusched.exe (PID: 20088, TID: 20092), AllUtils.cpp:177 (logit)]
	INFO: JavaUpdate  [Critical] :  LastFinishTime is after LastScheduledTime, sleeping until next schedule Time: Sat Dec 24 01:01:00 2022

[2022/12/21 14:45:55.378, jusched.exe (PID: 20088, TID: 20092), AllUtils.cpp:177 (logit)]
	INFO: JavaUpdate [Critical] NextSchedTime=Sat Dec 24 01:01:00 2022
JavaUpdate [Critical]lastSchedTime=Sat Dec 17 01:01:00 2022
JavaUpdate [Critical]nextSchedTime=Sat Dec 24 01:01:00 2022
JavaUpdate [Critical]sleeptime (sec=209705, hours=58, days=2.43)
actual sleep time=209705000 msecs (58:15:05) for JavaUpdate [Critical]

[2022/12/22 18:50:15.396, jusched.exe (PID: 18520, TID: 18524), AllUtils.cpp:177 (logit)]
	INFO: **************** Running jusched ****************

[2022/12/22 21:16:17.205, jusched.exe (PID: 6340, TID: 5876), AllUtils.cpp:177 (logit)]
	INFO: **************** Running jusched ****************

[2022/12/22 21:21:17.220, jusched.exe (PID: 6340, TID: 5876), AllUtils.cpp:177 (logit)]
	INFO: JavaUpdate  [Critical] :  LastFinishTime is after LastScheduledTime, sleeping until next schedule Time: Sat Dec 24 01:01:00 2022

[2022/12/22 21:21:17.221, jusched.exe (PID: 6340, TID: 5876), AllUtils.cpp:177 (logit)]
	INFO: JavaUpdate [Critical] NextSchedTime=Sat Dec 24 01:01:00 2022
JavaUpdate [Critical]lastSchedTime=Sat Dec 17 01:01:00 2022
JavaUpdate [Critical]nextSchedTime=Sat Dec 24 01:01:00 2022
JavaUpdate [Critical]sleeptime (sec=99583, hours=27, days=1.15)
actual sleep time=99583000 msecs (27:39:43) for JavaUpdate [Critical]

